# JRE version: OpenJDK Runtime Environment Temurin-17.0.9+9 (17.0.9+9) (build 17.0.9+9)
# Java VM: OpenJDK 64-Bit Server VM Temurin-17.0.9+9 (17.0.9+9, mixed mode, emulated-client, tiered, compressed oops, compressed class ptrs, g1 gc, windows-amd64)
GC Precious Log:
 CPUs: 4 total, 4 available
 Memory: 8072M
 Large Page Support: Disabled
 NUMA Support: Disabled
 Compressed Oops: Enabled (32-bit)
 Heap Region Size: 1M
 Heap Min Capacity: 8M
 Heap Initial Capacity: 128M
 Heap Max Capacity: 2020M
 Pre-touch: Disabled
 Parallel Workers: 4
 Concurrent Workers: 1
 Concurrent Refinement Workers: 4
 Periodic GC: Disabled
Heap:
 garbage-first heap   total 120832K, used 65338K [0x0000000081c00000, 0x0000000100000000)
  region size 1024K, 19 young (19456K), 3 survivors (3072K)
 Metaspace       used 83071K, committed 83648K, reserved 1179648K
  class space    used 11418K, committed 11712K, reserved 1048576K
GC Heap History (20 events):
Event: 10.157 GC heap before
{Heap before GC invocations=20 (full 0):
 garbage-first heap   total 82944K, used 72561K [0x0000000081c00000, 0x0000000100000000)
  region size 1024K, 37 young (37888K), 3 survivors (3072K)
 Metaspace       used 52753K, committed 53248K, reserved 1114112K
  class space    used 6868K, committed 7104K, reserved 1048576K
}
Event: 10.164 GC heap after
{Heap after GC invocations=21 (full 0):
 garbage-first heap   total 82944K, used 35226K [0x0000000081c00000, 0x0000000100000000)
  region size 1024K, 5 young (5120K), 5 survivors (5120K)
 Metaspace       used 52753K, committed 53248K, reserved 1114112K
  class space    used 6868K, committed 7104K, reserved 1048576K
}
Event: 10.498 GC heap before
{Heap before GC invocations=21 (full 0):
 garbage-first heap   total 82944K, used 65946K [0x0000000081c00000, 0x0000000100000000)
  region size 1024K, 35 young (35840K), 5 survivors (5120K)
 Metaspace       used 53389K, committed 53888K, reserved 1114112K
  class space    used 6977K, committed 7232K, reserved 1048576K
}
Event: 10.505 GC heap after
{Heap after GC invocations=22 (full 0):
 garbage-first heap   total 82944K, used 36685K [0x0000000081c00000, 0x0000000100000000)
  region size 1024K, 2 young (2048K), 2 survivors (2048K)
 Metaspace       used 53389K, committed 53888K, reserved 1114112K
  class space    used 6977K, committed 7232K, reserved 1048576K
}
Event: 10.828 GC heap before
{Heap before GC invocations=22 (full 0):
 garbage-first heap   total 82944K, used 66381K [0x0000000081c00000, 0x0000000100000000)
  region size 1024K, 31 young (31744K), 2 survivors (2048K)
 Metaspace       used 54420K, committed 54848K, reserved 1114112K
  class space    used 7141K, committed 7360K, reserved 1048576K
}
Event: 10.833 GC heap after
{Heap after GC invocations=23 (full 0):
 garbage-first heap   total 82944K, used 37565K [0x0000000081c00000, 0x0000000100000000)
  region size 1024K, 3 young (3072K), 3 survivors (3072K)
 Metaspace       used 54420K, committed 54848K, reserved 1114112K
  class space    used 7141K, committed 7360K, reserved 1048576K
}
Event: 11.591 GC heap before
{Heap before GC invocations=23 (full 0):
 garbage-first heap   total 82944K, used 63165K [0x0000000081c00000, 0x0000000100000000)
  region size 1024K, 29 young (29696K), 3 survivors (3072K)
 Metaspace       used 60377K, committed 60800K, reserved 1114112K
  class space    used 8052K, committed 8256K, reserved 1048576K
}
Event: 11.597 GC heap after
{Heap after GC invocations=24 (full 0):
 garbage-first heap   total 100352K, used 38643K [0x0000000081c00000, 0x0000000100000000)
  region size 1024K, 3 young (3072K), 3 survivors (3072K)
 Metaspace       used 60377K, committed 60800K, reserved 1114112K
  class space    used 8052K, committed 8256K, reserved 1048576K
}
Event: 12.665 GC heap before
{Heap before GC invocations=25 (full 0):
 garbage-first heap   total 100352K, used 81651K [0x0000000081c00000, 0x0000000100000000)
  region size 1024K, 45 young (46080K), 3 survivors (3072K)
 Metaspace       used 70950K, committed 71424K, reserved 1114112K
  class space    used 9515K, committed 9728K, reserved 1048576K
}
Event: 12.672 GC heap after
{Heap after GC invocations=26 (full 0):
 garbage-first heap   total 100352K, used 41508K [0x0000000081c00000, 0x0000000100000000)
  region size 1024K, 6 young (6144K), 6 survivors (6144K)
 Metaspace       used 70950K, committed 71424K, reserved 1114112K
  class space    used 9515K, committed 9728K, reserved 1048576K
}
Event: 13.528 GC heap before
{Heap before GC invocations=27 (full 0):
 garbage-first heap   total 100352K, used 81444K [0x0000000081c00000, 0x0000000100000000)
  region size 1024K, 45 young (46080K), 6 survivors (6144K)
 Metaspace       used 77670K, committed 78208K, reserved 1179648K
  class space    used 10604K, committed 10880K, reserved 1048576K
}
Event: 13.537 GC heap after
{Heap after GC invocations=28 (full 0):
 garbage-first heap   total 100352K, used 43833K [0x0000000081c00000, 0x0000000100000000)
  region size 1024K, 6 young (6144K), 6 survivors (6144K)
 Metaspace       used 77670K, committed 78208K, reserved 1179648K
  class space    used 10604K, committed 10880K, reserved 1048576K
}
Event: 13.960 GC heap before
{Heap before GC invocations=28 (full 0):
 garbage-first heap   total 100352K, used 81721K [0x0000000081c00000, 0x0000000100000000)
  region size 1024K, 43 young (44032K), 6 survivors (6144K)
 Metaspace       used 79774K, committed 80320K, reserved 1179648K
  class space    used 10889K, committed 11136K, reserved 1048576K
}
Event: 13.968 GC heap after
{Heap after GC invocations=29 (full 0):
 garbage-first heap   total 100352K, used 45463K [0x0000000081c00000, 0x0000000100000000)
  region size 1024K, 4 young (4096K), 4 survivors (4096K)
 Metaspace       used 79774K, committed 80320K, reserved 1179648K
  class space    used 10889K, committed 11136K, reserved 1048576K
}
Event: 14.361 GC heap before
{Heap before GC invocations=29 (full 0):
 garbage-first heap   total 100352K, used 83351K [0x0000000081c00000, 0x0000000100000000)
  region size 1024K, 41 young (41984K), 4 survivors (4096K)
 Metaspace       used 80446K, committed 81024K, reserved 1179648K
  class space    used 11006K, committed 11264K, reserved 1048576K
}
Event: 14.370 GC heap after
{Heap after GC invocations=30 (full 0):
 garbage-first heap   total 100352K, used 47242K [0x0000000081c00000, 0x0000000100000000)
  region size 1024K, 4 young (4096K), 4 survivors (4096K)
 Metaspace       used 80446K, committed 81024K, reserved 1179648K
  class space    used 11006K, committed 11264K, reserved 1048576K
}
Event: 14.784 GC heap before
{Heap before GC invocations=30 (full 0):
 garbage-first heap   total 100352K, used 83082K [0x0000000081c00000, 0x0000000100000000)
  region size 1024K, 39 young (39936K), 4 survivors (4096K)
 Metaspace       used 81549K, committed 82176K, reserved 1179648K
  class space    used 11187K, committed 11456K, reserved 1048576K
}
Event: 14.792 GC heap after
{Heap after GC invocations=31 (full 0):
 garbage-first heap   total 100352K, used 48838K [0x0000000081c00000, 0x0000000100000000)
  region size 1024K, 4 young (4096K), 4 survivors (4096K)
 Metaspace       used 81549K, committed 82176K, reserved 1179648K
  class space    used 11187K, committed 11456K, reserved 1048576K
}
Event: 15.171 GC heap before
{Heap before GC invocations=31 (full 0):
 garbage-first heap   total 100352K, used 83654K [0x0000000081c00000, 0x0000000100000000)
  region size 1024K, 38 young (38912K), 4 survivors (4096K)
 Metaspace       used 82907K, committed 83520K, reserved 1179648K
  class space    used 11385K, committed 11712K, reserved 1048576K
}
Event: 15.179 GC heap after
{Heap after GC invocations=32 (full 0):
 garbage-first heap   total 120832K, used 49978K [0x0000000081c00000, 0x0000000100000000)
  region size 1024K, 3 young (3072K), 3 survivors (3072K)
 Metaspace       used 82907K, committed 83520K, reserved 1179648K
  class space    used 11385K, committed 11712K, reserved 1048576K
}

